The system is: Linux - 5.4.0-105-generic - x86_64
Compiling the C compiler identification source file "CMakeCCompilerId.c" succeeded.
Compiler: /usr/bin/aarch64-linux-gnu-gcc-7 
Build flags: 
Id flags:  

The output was:
0


Compilation of the C compiler identification source "CMakeCCompilerId.c" produced "a.out"

The C compiler identification is GNU, found in "/home/stereo-2022/stereo-2022/StereoVision/StereoVision2/StereoVision/stereo_pics_2/build/CMakeFiles/3.10.2/CompilerIdC/a.out"

Compiling the CXX compiler identification source file "CMakeCXXCompilerId.cpp" succeeded.
Compiler: /usr/bin/aarch64-linux-gnu-g++-7 
Build flags: 
Id flags:  

The output was:
0


Compilation of the CXX compiler identification source "CMakeCXXCompilerId.cpp" produced "a.out"

The CXX compiler identification is GNU, found in "/home/stereo-2022/stereo-2022/StereoVision/StereoVision2/StereoVision/stereo_pics_2/build/CMakeFiles/3.10.2/CompilerIdCXX/a.out"

Determining if the C compiler works passed with the following output:
Change Dir: /home/stereo-2022/stereo-2022/StereoVision/StereoVision2/StereoVision/stereo_pics_2/build/CMakeFiles/CMakeTmp

Run Build Command:"/usr/bin/make" "cmTC_367e6/fast"
/usr/bin/make -f CMakeFiles/cmTC_367e6.dir/build.make CMakeFiles/cmTC_367e6.dir/build
make[1] : on entre dans le répertoire « /home/stereo-2022/stereo-2022/StereoVision/StereoVision2/StereoVision/stereo_pics_2/build/CMakeFiles/CMakeTmp »
Building C object CMakeFiles/cmTC_367e6.dir/testCCompiler.c.o
/usr/bin/aarch64-linux-gnu-gcc-7    -o CMakeFiles/cmTC_367e6.dir/testCCompiler.c.o   -c /home/stereo-2022/stereo-2022/StereoVision/StereoVision2/StereoVision/stereo_pics_2/build/CMakeFiles/CMakeTmp/testCCompiler.c
Linking C executable cmTC_367e6
/usr/bin/cmake -E cmake_link_script CMakeFiles/cmTC_367e6.dir/link.txt --verbose=1
/usr/bin/aarch64-linux-gnu-gcc-7      -rdynamic CMakeFiles/cmTC_367e6.dir/testCCompiler.c.o  -o cmTC_367e6 
make[1] : on quitte le répertoire « /home/stereo-2022/stereo-2022/StereoVision/StereoVision2/StereoVision/stereo_pics_2/build/CMakeFiles/CMakeTmp »


Detecting C compiler ABI info compiled with the following output:
Change Dir: /home/stereo-2022/stereo-2022/StereoVision/StereoVision2/StereoVision/stereo_pics_2/build/CMakeFiles/CMakeTmp

Run Build Command:"/usr/bin/make" "cmTC_ec675/fast"
/usr/bin/make -f CMakeFiles/cmTC_ec675.dir/build.make CMakeFiles/cmTC_ec675.dir/build
make[1] : on entre dans le répertoire « /home/stereo-2022/stereo-2022/StereoVision/StereoVision2/StereoVision/stereo_pics_2/build/CMakeFiles/CMakeTmp »
Building C object CMakeFiles/cmTC_ec675.dir/CMakeCCompilerABI.c.o
/usr/bin/aarch64-linux-gnu-gcc-7    -o CMakeFiles/cmTC_ec675.dir/CMakeCCompilerABI.c.o   -c /usr/share/cmake-3.10/Modules/CMakeCCompilerABI.c
Linking C executable cmTC_ec675
/usr/bin/cmake -E cmake_link_script CMakeFiles/cmTC_ec675.dir/link.txt --verbose=1
/usr/bin/aarch64-linux-gnu-gcc-7     -v -rdynamic CMakeFiles/cmTC_ec675.dir/CMakeCCompilerABI.c.o  -o cmTC_ec675 
Using built-in specs.
COLLECT_GCC=/usr/bin/aarch64-linux-gnu-gcc-7
COLLECT_LTO_WRAPPER=/usr/lib/gcc-cross/aarch64-linux-gnu/7/lto-wrapper
Target: aarch64-linux-gnu
Configured with: ../src/configure -v --with-pkgversion='Ubuntu/Linaro 7.5.0-3ubuntu1~18.04' --with-bugurl=file:///usr/share/doc/gcc-7/README.Bugs --enable-languages=c,ada,c++,go,d,fortran,objc,obj-c++ --prefix=/usr --with-gcc-major-version-only --program-suffix=-7 --enable-shared --enable-linker-build-id --libexecdir=/usr/lib --without-included-gettext --enable-threads=posix --libdir=/usr/lib --enable-nls --with-sysroot=/ --enable-clocale=gnu --enable-libstdcxx-debug --enable-libstdcxx-time=yes --with-default-libstdcxx-abi=new --enable-gnu-unique-object --disable-libquadmath --disable-libquadmath-support --enable-plugin --enable-default-pie --with-system-zlib --enable-multiarch --enable-fix-cortex-a53-843419 --disable-werror --enable-checking=release --build=x86_64-linux-gnu --host=x86_64-linux-gnu --target=aarch64-linux-gnu --program-prefix=aarch64-linux-gnu- --includedir=/usr/aarch64-linux-gnu/include
Thread model: posix
gcc version 7.5.0 (Ubuntu/Linaro 7.5.0-3ubuntu1~18.04) 
COMPILER_PATH=/usr/lib/gcc-cross/aarch64-linux-gnu/7/:/usr/lib/gcc-cross/aarch64-linux-gnu/7/:/usr/lib/gcc-cross/aarch64-linux-gnu/:/usr/lib/gcc-cross/aarch64-linux-gnu/7/:/usr/lib/gcc-cross/aarch64-linux-gnu/:/usr/lib/gcc-cross/aarch64-linux-gnu/7/../../../../aarch64-linux-gnu/bin/
LIBRARY_PATH=/usr/lib/gcc-cross/aarch64-linux-gnu/7/:/usr/lib/gcc-cross/aarch64-linux-gnu/7/../../../../aarch64-linux-gnu/lib/../lib/:/lib/../lib/:/usr/lib/aarch64-linux-gnu/:/usr/lib/../lib/:/usr/lib/gcc-cross/aarch64-linux-gnu/7/../../../../aarch64-linux-gnu/lib/:/lib/:/usr/lib/
COLLECT_GCC_OPTIONS='-v' '-rdynamic' '-o' 'cmTC_ec675' '-mlittle-endian' '-mabi=lp64'
 /usr/lib/gcc-cross/aarch64-linux-gnu/7/collect2 -plugin /usr/lib/gcc-cross/aarch64-linux-gnu/7/liblto_plugin.so -plugin-opt=/usr/lib/gcc-cross/aarch64-linux-gnu/7/lto-wrapper -plugin-opt=-fresolution=/tmp/cc7X6JdT.res -plugin-opt=-pass-through=-lgcc -plugin-opt=-pass-through=-lgcc_s -plugin-opt=-pass-through=-lc -plugin-opt=-pass-through=-lgcc -plugin-opt=-pass-through=-lgcc_s --sysroot=/ --build-id --eh-frame-hdr --hash-style=gnu --as-needed -export-dynamic -dynamic-linker /lib/ld-linux-aarch64.so.1 -X -EL -maarch64linux --fix-cortex-a53-843419 -pie -z now -z relro -o cmTC_ec675 /usr/lib/gcc-cross/aarch64-linux-gnu/7/../../../../aarch64-linux-gnu/lib/../lib/Scrt1.o /usr/lib/gcc-cross/aarch64-linux-gnu/7/../../../../aarch64-linux-gnu/lib/../lib/crti.o /usr/lib/gcc-cross/aarch64-linux-gnu/7/crtbeginS.o -L/usr/lib/gcc-cross/aarch64-linux-gnu/7 -L/usr/lib/gcc-cross/aarch64-linux-gnu/7/../../../../aarch64-linux-gnu/lib/../lib -L/lib/../lib -L/usr/lib/aarch64-linux-gnu -L/usr/lib/../lib -L/usr/lib/gcc-cross/aarch64-linux-gnu/7/../../../../aarch64-linux-gnu/lib CMakeFiles/cmTC_ec675.dir/CMakeCCompilerABI.c.o -lgcc --push-state --as-needed -lgcc_s --pop-state -lc -lgcc --push-state --as-needed -lgcc_s --pop-state /usr/lib/gcc-cross/aarch64-linux-gnu/7/crtendS.o /usr/lib/gcc-cross/aarch64-linux-gnu/7/../../../../aarch64-linux-gnu/lib/../lib/crtn.o
COLLECT_GCC_OPTIONS='-v' '-rdynamic' '-o' 'cmTC_ec675' '-mlittle-endian' '-mabi=lp64'
make[1] : on quitte le répertoire « /home/stereo-2022/stereo-2022/StereoVision/StereoVision2/StereoVision/stereo_pics_2/build/CMakeFiles/CMakeTmp »


Parsed C implicit link information from above output:
  link line regex: [^( *|.*[/\])(ld|CMAKE_LINK_STARTFILE-NOTFOUND|([^/\]+-)?ld|collect2)[^/\]*( |$)]
  ignore line: [Change Dir: /home/stereo-2022/stereo-2022/StereoVision/StereoVision2/StereoVision/stereo_pics_2/build/CMakeFiles/CMakeTmp]
  ignore line: []
  ignore line: [Run Build Command:"/usr/bin/make" "cmTC_ec675/fast"]
  ignore line: [/usr/bin/make -f CMakeFiles/cmTC_ec675.dir/build.make CMakeFiles/cmTC_ec675.dir/build]
  ignore line: [make[1] : on entre dans le répertoire « /home/stereo-2022/stereo-2022/StereoVision/StereoVision2/StereoVision/stereo_pics_2/build/CMakeFiles/CMakeTmp »]
  ignore line: [Building C object CMakeFiles/cmTC_ec675.dir/CMakeCCompilerABI.c.o]
  ignore line: [/usr/bin/aarch64-linux-gnu-gcc-7    -o CMakeFiles/cmTC_ec675.dir/CMakeCCompilerABI.c.o   -c /usr/share/cmake-3.10/Modules/CMakeCCompilerABI.c]
  ignore line: [Linking C executable cmTC_ec675]
  ignore line: [/usr/bin/cmake -E cmake_link_script CMakeFiles/cmTC_ec675.dir/link.txt --verbose=1]
  ignore line: [/usr/bin/aarch64-linux-gnu-gcc-7     -v -rdynamic CMakeFiles/cmTC_ec675.dir/CMakeCCompilerABI.c.o  -o cmTC_ec675 ]
  ignore line: [Using built-in specs.]
  ignore line: [COLLECT_GCC=/usr/bin/aarch64-linux-gnu-gcc-7]
  ignore line: [COLLECT_LTO_WRAPPER=/usr/lib/gcc-cross/aarch64-linux-gnu/7/lto-wrapper]
  ignore line: [Target: aarch64-linux-gnu]
  ignore line: [Configured with: ../src/configure -v --with-pkgversion='Ubuntu/Linaro 7.5.0-3ubuntu1~18.04' --with-bugurl=file:///usr/share/doc/gcc-7/README.Bugs --enable-languages=c,ada,c++,go,d,fortran,objc,obj-c++ --prefix=/usr --with-gcc-major-version-only --program-suffix=-7 --enable-shared --enable-linker-build-id --libexecdir=/usr/lib --without-included-gettext --enable-threads=posix --libdir=/usr/lib --enable-nls --with-sysroot=/ --enable-clocale=gnu --enable-libstdcxx-debug --enable-libstdcxx-time=yes --with-default-libstdcxx-abi=new --enable-gnu-unique-object --disable-libquadmath --disable-libquadmath-support --enable-plugin --enable-default-pie --with-system-zlib --enable-multiarch --enable-fix-cortex-a53-843419 --disable-werror --enable-checking=release --build=x86_64-linux-gnu --host=x86_64-linux-gnu --target=aarch64-linux-gnu --program-prefix=aarch64-linux-gnu- --includedir=/usr/aarch64-linux-gnu/include]
  ignore line: [Thread model: posix]
  ignore line: [gcc version 7.5.0 (Ubuntu/Linaro 7.5.0-3ubuntu1~18.04) ]
  ignore line: [COMPILER_PATH=/usr/lib/gcc-cross/aarch64-linux-gnu/7/:/usr/lib/gcc-cross/aarch64-linux-gnu/7/:/usr/lib/gcc-cross/aarch64-linux-gnu/:/usr/lib/gcc-cross/aarch64-linux-gnu/7/:/usr/lib/gcc-cross/aarch64-linux-gnu/:/usr/lib/gcc-cross/aarch64-linux-gnu/7/../../../../aarch64-linux-gnu/bin/]
  ignore line: [LIBRARY_PATH=/usr/lib/gcc-cross/aarch64-linux-gnu/7/:/usr/lib/gcc-cross/aarch64-linux-gnu/7/../../../../aarch64-linux-gnu/lib/../lib/:/lib/../lib/:/usr/lib/aarch64-linux-gnu/:/usr/lib/../lib/:/usr/lib/gcc-cross/aarch64-linux-gnu/7/../../../../aarch64-linux-gnu/lib/:/lib/:/usr/lib/]
  ignore line: [COLLECT_GCC_OPTIONS='-v' '-rdynamic' '-o' 'cmTC_ec675' '-mlittle-endian' '-mabi=lp64']
  link line: [ /usr/lib/gcc-cross/aarch64-linux-gnu/7/collect2 -plugin /usr/lib/gcc-cross/aarch64-linux-gnu/7/liblto_plugin.so -plugin-opt=/usr/lib/gcc-cross/aarch64-linux-gnu/7/lto-wrapper -plugin-opt=-fresolution=/tmp/cc7X6JdT.res -plugin-opt=-pass-through=-lgcc -plugin-opt=-pass-through=-lgcc_s -plugin-opt=-pass-through=-lc -plugin-opt=-pass-through=-lgcc -plugin-opt=-pass-through=-lgcc_s --sysroot=/ --build-id --eh-frame-hdr --hash-style=gnu --as-needed -export-dynamic -dynamic-linker /lib/ld-linux-aarch64.so.1 -X -EL -maarch64linux --fix-cortex-a53-843419 -pie -z now -z relro -o cmTC_ec675 /usr/lib/gcc-cross/aarch64-linux-gnu/7/../../../../aarch64-linux-gnu/lib/../lib/Scrt1.o /usr/lib/gcc-cross/aarch64-linux-gnu/7/../../../../aarch64-linux-gnu/lib/../lib/crti.o /usr/lib/gcc-cross/aarch64-linux-gnu/7/crtbeginS.o -L/usr/lib/gcc-cross/aarch64-linux-gnu/7 -L/usr/lib/gcc-cross/aarch64-linux-gnu/7/../../../../aarch64-linux-gnu/lib/../lib -L/lib/../lib -L/usr/lib/aarch64-linux-gnu -L/usr/lib/../lib -L/usr/lib/gcc-cross/aarch64-linux-gnu/7/../../../../aarch64-linux-gnu/lib CMakeFiles/cmTC_ec675.dir/CMakeCCompilerABI.c.o -lgcc --push-state --as-needed -lgcc_s --pop-state -lc -lgcc --push-state --as-needed -lgcc_s --pop-state /usr/lib/gcc-cross/aarch64-linux-gnu/7/crtendS.o /usr/lib/gcc-cross/aarch64-linux-gnu/7/../../../../aarch64-linux-gnu/lib/../lib/crtn.o]
    arg [/usr/lib/gcc-cross/aarch64-linux-gnu/7/collect2] ==> ignore
    arg [-plugin] ==> ignore
    arg [/usr/lib/gcc-cross/aarch64-linux-gnu/7/liblto_plugin.so] ==> ignore
    arg [-plugin-opt=/usr/lib/gcc-cross/aarch64-linux-gnu/7/lto-wrapper] ==> ignore
    arg [-plugin-opt=-fresolution=/tmp/cc7X6JdT.res] ==> ignore
    arg [-plugin-opt=-pass-through=-lgcc] ==> ignore
    arg [-plugin-opt=-pass-through=-lgcc_s] ==> ignore
    arg [-plugin-opt=-pass-through=-lc] ==> ignore
    arg [-plugin-opt=-pass-through=-lgcc] ==> ignore
    arg [-plugin-opt=-pass-through=-lgcc_s] ==> ignore
    arg [--sysroot=/] ==> ignore
    arg [--build-id] ==> ignore
    arg [--eh-frame-hdr] ==> ignore
    arg [--hash-style=gnu] ==> ignore
    arg [--as-needed] ==> ignore
    arg [-export-dynamic] ==> ignore
    arg [-dynamic-linker] ==> ignore
    arg [/lib/ld-linux-aarch64.so.1] ==> ignore
    arg [-X] ==> ignore
    arg [-EL] ==> ignore
    arg [-maarch64linux] ==> ignore
    arg [--fix-cortex-a53-843419] ==> ignore
    arg [-pie] ==> ignore
    arg [-znow] ==> ignore
    arg [-zrelro] ==> ignore
    arg [-o] ==> ignore
    arg [cmTC_ec675] ==> ignore
    arg [/usr/lib/gcc-cross/aarch64-linux-gnu/7/../../../../aarch64-linux-gnu/lib/../lib/Scrt1.o] ==> ignore
    arg [/usr/lib/gcc-cross/aarch64-linux-gnu/7/../../../../aarch64-linux-gnu/lib/../lib/crti.o] ==> ignore
    arg [/usr/lib/gcc-cross/aarch64-linux-gnu/7/crtbeginS.o] ==> ignore
    arg [-L/usr/lib/gcc-cross/aarch64-linux-gnu/7] ==> dir [/usr/lib/gcc-cross/aarch64-linux-gnu/7]
    arg [-L/usr/lib/gcc-cross/aarch64-linux-gnu/7/../../../../aarch64-linux-gnu/lib/../lib] ==> dir [/usr/lib/gcc-cross/aarch64-linux-gnu/7/../../../../aarch64-linux-gnu/lib/../lib]
    arg [-L/lib/../lib] ==> dir [/lib/../lib]
    arg [-L/usr/lib/aarch64-linux-gnu] ==> dir [/usr/lib/aarch64-linux-gnu]
    arg [-L/usr/lib/../lib] ==> dir [/usr/lib/../lib]
    arg [-L/usr/lib/gcc-cross/aarch64-linux-gnu/7/../../../../aarch64-linux-gnu/lib] ==> dir [/usr/lib/gcc-cross/aarch64-linux-gnu/7/../../../../aarch64-linux-gnu/lib]
    arg [CMakeFiles/cmTC_ec675.dir/CMakeCCompilerABI.c.o] ==> ignore
    arg [-lgcc] ==> lib [gcc]
    arg [--push-state] ==> ignore
    arg [--as-needed] ==> ignore
    arg [-lgcc_s] ==> lib [gcc_s]
    arg [--pop-state] ==> ignore
    arg [-lc] ==> lib [c]
    arg [-lgcc] ==> lib [gcc]
    arg [--push-state] ==> ignore
    arg [--as-needed] ==> ignore
    arg [-lgcc_s] ==> lib [gcc_s]
    arg [--pop-state] ==> ignore
    arg [/usr/lib/gcc-cross/aarch64-linux-gnu/7/crtendS.o] ==> ignore
    arg [/usr/lib/gcc-cross/aarch64-linux-gnu/7/../../../../aarch64-linux-gnu/lib/../lib/crtn.o] ==> ignore
  collapse library dir [/usr/lib/gcc-cross/aarch64-linux-gnu/7] ==> [/usr/lib/gcc-cross/aarch64-linux-gnu/7]
  collapse library dir [/usr/lib/gcc-cross/aarch64-linux-gnu/7/../../../../aarch64-linux-gnu/lib/../lib] ==> [/usr/aarch64-linux-gnu/lib]
  collapse library dir [/lib/../lib] ==> [/lib]
  collapse library dir [/usr/lib/aarch64-linux-gnu] ==> [/usr/lib/aarch64-linux-gnu]
  collapse library dir [/usr/lib/../lib] ==> [/usr/lib]
  collapse library dir [/usr/lib/gcc-cross/aarch64-linux-gnu/7/../../../../aarch64-linux-gnu/lib] ==> [/usr/aarch64-linux-gnu/lib]
  implicit libs: [gcc;gcc_s;c;gcc;gcc_s]
  implicit dirs: [/usr/lib/gcc-cross/aarch64-linux-gnu/7;/usr/aarch64-linux-gnu/lib;/lib;/usr/lib/aarch64-linux-gnu;/usr/lib]
  implicit fwks: []




Detecting C [-std=c11] compiler features compiled with the following output:
Change Dir: /home/stereo-2022/stereo-2022/StereoVision/StereoVision2/StereoVision/stereo_pics_2/build/CMakeFiles/CMakeTmp

Run Build Command:"/usr/bin/make" "cmTC_9769b/fast"
/usr/bin/make -f CMakeFiles/cmTC_9769b.dir/build.make CMakeFiles/cmTC_9769b.dir/build
make[1] : on entre dans le répertoire « /home/stereo-2022/stereo-2022/StereoVision/StereoVision2/StereoVision/stereo_pics_2/build/CMakeFiles/CMakeTmp »
Building C object CMakeFiles/cmTC_9769b.dir/feature_tests.c.o
/usr/bin/aarch64-linux-gnu-gcc-7   -std=c11 -o CMakeFiles/cmTC_9769b.dir/feature_tests.c.o   -c /home/stereo-2022/stereo-2022/StereoVision/StereoVision2/StereoVision/stereo_pics_2/build/CMakeFiles/feature_tests.c
Linking C executable cmTC_9769b
/usr/bin/cmake -E cmake_link_script CMakeFiles/cmTC_9769b.dir/link.txt --verbose=1
/usr/bin/aarch64-linux-gnu-gcc-7      -rdynamic CMakeFiles/cmTC_9769b.dir/feature_tests.c.o  -o cmTC_9769b 
make[1] : on quitte le répertoire « /home/stereo-2022/stereo-2022/StereoVision/StereoVision2/StereoVision/stereo_pics_2/build/CMakeFiles/CMakeTmp »


    Feature record: C_FEATURE:1c_function_prototypes
    Feature record: C_FEATURE:1c_restrict
    Feature record: C_FEATURE:1c_static_assert
    Feature record: C_FEATURE:1c_variadic_macros


Detecting C [-std=c99] compiler features compiled with the following output:
Change Dir: /home/stereo-2022/stereo-2022/StereoVision/StereoVision2/StereoVision/stereo_pics_2/build/CMakeFiles/CMakeTmp

Run Build Command:"/usr/bin/make" "cmTC_854fb/fast"
/usr/bin/make -f CMakeFiles/cmTC_854fb.dir/build.make CMakeFiles/cmTC_854fb.dir/build
make[1] : on entre dans le répertoire « /home/stereo-2022/stereo-2022/StereoVision/StereoVision2/StereoVision/stereo_pics_2/build/CMakeFiles/CMakeTmp »
Building C object CMakeFiles/cmTC_854fb.dir/feature_tests.c.o
/usr/bin/aarch64-linux-gnu-gcc-7   -std=c99 -o CMakeFiles/cmTC_854fb.dir/feature_tests.c.o   -c /home/stereo-2022/stereo-2022/StereoVision/StereoVision2/StereoVision/stereo_pics_2/build/CMakeFiles/feature_tests.c
Linking C executable cmTC_854fb
/usr/bin/cmake -E cmake_link_script CMakeFiles/cmTC_854fb.dir/link.txt --verbose=1
/usr/bin/aarch64-linux-gnu-gcc-7      -rdynamic CMakeFiles/cmTC_854fb.dir/feature_tests.c.o  -o cmTC_854fb 
make[1] : on quitte le répertoire « /home/stereo-2022/stereo-2022/StereoVision/StereoVision2/StereoVision/stereo_pics_2/build/CMakeFiles/CMakeTmp »


    Feature record: C_FEATURE:1c_function_prototypes
    Feature record: C_FEATURE:1c_restrict
    Feature record: C_FEATURE:0c_static_assert
    Feature record: C_FEATURE:1c_variadic_macros


Detecting C [-std=c90] compiler features compiled with the following output:
Change Dir: /home/stereo-2022/stereo-2022/StereoVision/StereoVision2/StereoVision/stereo_pics_2/build/CMakeFiles/CMakeTmp

Run Build Command:"/usr/bin/make" "cmTC_bd9ec/fast"
/usr/bin/make -f CMakeFiles/cmTC_bd9ec.dir/build.make CMakeFiles/cmTC_bd9ec.dir/build
make[1] : on entre dans le répertoire « /home/stereo-2022/stereo-2022/StereoVision/StereoVision2/StereoVision/stereo_pics_2/build/CMakeFiles/CMakeTmp »
Building C object CMakeFiles/cmTC_bd9ec.dir/feature_tests.c.o
/usr/bin/aarch64-linux-gnu-gcc-7   -std=c90 -o CMakeFiles/cmTC_bd9ec.dir/feature_tests.c.o   -c /home/stereo-2022/stereo-2022/StereoVision/StereoVision2/StereoVision/stereo_pics_2/build/CMakeFiles/feature_tests.c
Linking C executable cmTC_bd9ec
/usr/bin/cmake -E cmake_link_script CMakeFiles/cmTC_bd9ec.dir/link.txt --verbose=1
/usr/bin/aarch64-linux-gnu-gcc-7      -rdynamic CMakeFiles/cmTC_bd9ec.dir/feature_tests.c.o  -o cmTC_bd9ec 
make[1] : on quitte le répertoire « /home/stereo-2022/stereo-2022/StereoVision/StereoVision2/StereoVision/stereo_pics_2/build/CMakeFiles/CMakeTmp »


    Feature record: C_FEATURE:1c_function_prototypes
    Feature record: C_FEATURE:0c_restrict
    Feature record: C_FEATURE:0c_static_assert
    Feature record: C_FEATURE:0c_variadic_macros
Determining if the CXX compiler works passed with the following output:
Change Dir: /home/stereo-2022/stereo-2022/StereoVision/StereoVision2/StereoVision/stereo_pics_2/build/CMakeFiles/CMakeTmp

Run Build Command:"/usr/bin/make" "cmTC_125c5/fast"
/usr/bin/make -f CMakeFiles/cmTC_125c5.dir/build.make CMakeFiles/cmTC_125c5.dir/build
make[1] : on entre dans le répertoire « /home/stereo-2022/stereo-2022/StereoVision/StereoVision2/StereoVision/stereo_pics_2/build/CMakeFiles/CMakeTmp »
Building CXX object CMakeFiles/cmTC_125c5.dir/testCXXCompiler.cxx.o
/usr/bin/aarch64-linux-gnu-g++-7     -o CMakeFiles/cmTC_125c5.dir/testCXXCompiler.cxx.o -c /home/stereo-2022/stereo-2022/StereoVision/StereoVision2/StereoVision/stereo_pics_2/build/CMakeFiles/CMakeTmp/testCXXCompiler.cxx
Linking CXX executable cmTC_125c5
/usr/bin/cmake -E cmake_link_script CMakeFiles/cmTC_125c5.dir/link.txt --verbose=1
/usr/bin/aarch64-linux-gnu-g++-7       -rdynamic CMakeFiles/cmTC_125c5.dir/testCXXCompiler.cxx.o  -o cmTC_125c5 
make[1] : on quitte le répertoire « /home/stereo-2022/stereo-2022/StereoVision/StereoVision2/StereoVision/stereo_pics_2/build/CMakeFiles/CMakeTmp »


Detecting CXX compiler ABI info compiled with the following output:
Change Dir: /home/stereo-2022/stereo-2022/StereoVision/StereoVision2/StereoVision/stereo_pics_2/build/CMakeFiles/CMakeTmp

Run Build Command:"/usr/bin/make" "cmTC_5c26c/fast"
/usr/bin/make -f CMakeFiles/cmTC_5c26c.dir/build.make CMakeFiles/cmTC_5c26c.dir/build
make[1] : on entre dans le répertoire « /home/stereo-2022/stereo-2022/StereoVision/StereoVision2/StereoVision/stereo_pics_2/build/CMakeFiles/CMakeTmp »
Building CXX object CMakeFiles/cmTC_5c26c.dir/CMakeCXXCompilerABI.cpp.o
/usr/bin/aarch64-linux-gnu-g++-7     -o CMakeFiles/cmTC_5c26c.dir/CMakeCXXCompilerABI.cpp.o -c /usr/share/cmake-3.10/Modules/CMakeCXXCompilerABI.cpp
Linking CXX executable cmTC_5c26c
/usr/bin/cmake -E cmake_link_script CMakeFiles/cmTC_5c26c.dir/link.txt --verbose=1
/usr/bin/aarch64-linux-gnu-g++-7      -v -rdynamic CMakeFiles/cmTC_5c26c.dir/CMakeCXXCompilerABI.cpp.o  -o cmTC_5c26c 
Using built-in specs.
COLLECT_GCC=/usr/bin/aarch64-linux-gnu-g++-7
COLLECT_LTO_WRAPPER=/usr/lib/gcc-cross/aarch64-linux-gnu/7/lto-wrapper
Target: aarch64-linux-gnu
Configured with: ../src/configure -v --with-pkgversion='Ubuntu/Linaro 7.5.0-3ubuntu1~18.04' --with-bugurl=file:///usr/share/doc/gcc-7/README.Bugs --enable-languages=c,ada,c++,go,d,fortran,objc,obj-c++ --prefix=/usr --with-gcc-major-version-only --program-suffix=-7 --enable-shared --enable-linker-build-id --libexecdir=/usr/lib --without-included-gettext --enable-threads=posix --libdir=/usr/lib --enable-nls --with-sysroot=/ --enable-clocale=gnu --enable-libstdcxx-debug --enable-libstdcxx-time=yes --with-default-libstdcxx-abi=new --enable-gnu-unique-object --disable-libquadmath --disable-libquadmath-support --enable-plugin --enable-default-pie --with-system-zlib --enable-multiarch --enable-fix-cortex-a53-843419 --disable-werror --enable-checking=release --build=x86_64-linux-gnu --host=x86_64-linux-gnu --target=aarch64-linux-gnu --program-prefix=aarch64-linux-gnu- --includedir=/usr/aarch64-linux-gnu/include
Thread model: posix
gcc version 7.5.0 (Ubuntu/Linaro 7.5.0-3ubuntu1~18.04) 
COMPILER_PATH=/usr/lib/gcc-cross/aarch64-linux-gnu/7/:/usr/lib/gcc-cross/aarch64-linux-gnu/7/:/usr/lib/gcc-cross/aarch64-linux-gnu/:/usr/lib/gcc-cross/aarch64-linux-gnu/7/:/usr/lib/gcc-cross/aarch64-linux-gnu/:/usr/lib/gcc-cross/aarch64-linux-gnu/7/../../../../aarch64-linux-gnu/bin/
LIBRARY_PATH=/usr/lib/gcc-cross/aarch64-linux-gnu/7/:/usr/lib/gcc-cross/aarch64-linux-gnu/7/../../../../aarch64-linux-gnu/lib/../lib/:/lib/../lib/:/usr/lib/aarch64-linux-gnu/:/usr/lib/../lib/:/usr/lib/gcc-cross/aarch64-linux-gnu/7/../../../../aarch64-linux-gnu/lib/:/lib/:/usr/lib/
COLLECT_GCC_OPTIONS='-v' '-rdynamic' '-o' 'cmTC_5c26c' '-shared-libgcc' '-mlittle-endian' '-mabi=lp64'
 /usr/lib/gcc-cross/aarch64-linux-gnu/7/collect2 -plugin /usr/lib/gcc-cross/aarch64-linux-gnu/7/liblto_plugin.so -plugin-opt=/usr/lib/gcc-cross/aarch64-linux-gnu/7/lto-wrapper -plugin-opt=-fresolution=/tmp/cc0AVcDv.res -plugin-opt=-pass-through=-lgcc_s -plugin-opt=-pass-through=-lgcc -plugin-opt=-pass-through=-lc -plugin-opt=-pass-through=-lgcc_s -plugin-opt=-pass-through=-lgcc --sysroot=/ --build-id --eh-frame-hdr --hash-style=gnu --as-needed -export-dynamic -dynamic-linker /lib/ld-linux-aarch64.so.1 -X -EL -maarch64linux --fix-cortex-a53-843419 -pie -z now -z relro -o cmTC_5c26c /usr/lib/gcc-cross/aarch64-linux-gnu/7/../../../../aarch64-linux-gnu/lib/../lib/Scrt1.o /usr/lib/gcc-cross/aarch64-linux-gnu/7/../../../../aarch64-linux-gnu/lib/../lib/crti.o /usr/lib/gcc-cross/aarch64-linux-gnu/7/crtbeginS.o -L/usr/lib/gcc-cross/aarch64-linux-gnu/7 -L/usr/lib/gcc-cross/aarch64-linux-gnu/7/../../../../aarch64-linux-gnu/lib/../lib -L/lib/../lib -L/usr/lib/aarch64-linux-gnu -L/usr/lib/../lib -L/usr/lib/gcc-cross/aarch64-linux-gnu/7/../../../../aarch64-linux-gnu/lib CMakeFiles/cmTC_5c26c.dir/CMakeCXXCompilerABI.cpp.o -lstdc++ -lm -lgcc_s -lgcc -lc -lgcc_s -lgcc /usr/lib/gcc-cross/aarch64-linux-gnu/7/crtendS.o /usr/lib/gcc-cross/aarch64-linux-gnu/7/../../../../aarch64-linux-gnu/lib/../lib/crtn.o
COLLECT_GCC_OPTIONS='-v' '-rdynamic' '-o' 'cmTC_5c26c' '-shared-libgcc' '-mlittle-endian' '-mabi=lp64'
make[1] : on quitte le répertoire « /home/stereo-2022/stereo-2022/StereoVision/StereoVision2/StereoVision/stereo_pics_2/build/CMakeFiles/CMakeTmp »


Parsed CXX implicit link information from above output:
  link line regex: [^( *|.*[/\])(ld|CMAKE_LINK_STARTFILE-NOTFOUND|([^/\]+-)?ld|collect2)[^/\]*( |$)]
  ignore line: [Change Dir: /home/stereo-2022/stereo-2022/StereoVision/StereoVision2/StereoVision/stereo_pics_2/build/CMakeFiles/CMakeTmp]
  ignore line: []
  ignore line: [Run Build Command:"/usr/bin/make" "cmTC_5c26c/fast"]
  ignore line: [/usr/bin/make -f CMakeFiles/cmTC_5c26c.dir/build.make CMakeFiles/cmTC_5c26c.dir/build]
  ignore line: [make[1] : on entre dans le répertoire « /home/stereo-2022/stereo-2022/StereoVision/StereoVision2/StereoVision/stereo_pics_2/build/CMakeFiles/CMakeTmp »]
  ignore line: [Building CXX object CMakeFiles/cmTC_5c26c.dir/CMakeCXXCompilerABI.cpp.o]
  ignore line: [/usr/bin/aarch64-linux-gnu-g++-7     -o CMakeFiles/cmTC_5c26c.dir/CMakeCXXCompilerABI.cpp.o -c /usr/share/cmake-3.10/Modules/CMakeCXXCompilerABI.cpp]
  ignore line: [Linking CXX executable cmTC_5c26c]
  ignore line: [/usr/bin/cmake -E cmake_link_script CMakeFiles/cmTC_5c26c.dir/link.txt --verbose=1]
  ignore line: [/usr/bin/aarch64-linux-gnu-g++-7      -v -rdynamic CMakeFiles/cmTC_5c26c.dir/CMakeCXXCompilerABI.cpp.o  -o cmTC_5c26c ]
  ignore line: [Using built-in specs.]
  ignore line: [COLLECT_GCC=/usr/bin/aarch64-linux-gnu-g++-7]
  ignore line: [COLLECT_LTO_WRAPPER=/usr/lib/gcc-cross/aarch64-linux-gnu/7/lto-wrapper]
  ignore line: [Target: aarch64-linux-gnu]
  ignore line: [Configured with: ../src/configure -v --with-pkgversion='Ubuntu/Linaro 7.5.0-3ubuntu1~18.04' --with-bugurl=file:///usr/share/doc/gcc-7/README.Bugs --enable-languages=c,ada,c++,go,d,fortran,objc,obj-c++ --prefix=/usr --with-gcc-major-version-only --program-suffix=-7 --enable-shared --enable-linker-build-id --libexecdir=/usr/lib --without-included-gettext --enable-threads=posix --libdir=/usr/lib --enable-nls --with-sysroot=/ --enable-clocale=gnu --enable-libstdcxx-debug --enable-libstdcxx-time=yes --with-default-libstdcxx-abi=new --enable-gnu-unique-object --disable-libquadmath --disable-libquadmath-support --enable-plugin --enable-default-pie --with-system-zlib --enable-multiarch --enable-fix-cortex-a53-843419 --disable-werror --enable-checking=release --build=x86_64-linux-gnu --host=x86_64-linux-gnu --target=aarch64-linux-gnu --program-prefix=aarch64-linux-gnu- --includedir=/usr/aarch64-linux-gnu/include]
  ignore line: [Thread model: posix]
  ignore line: [gcc version 7.5.0 (Ubuntu/Linaro 7.5.0-3ubuntu1~18.04) ]
  ignore line: [COMPILER_PATH=/usr/lib/gcc-cross/aarch64-linux-gnu/7/:/usr/lib/gcc-cross/aarch64-linux-gnu/7/:/usr/lib/gcc-cross/aarch64-linux-gnu/:/usr/lib/gcc-cross/aarch64-linux-gnu/7/:/usr/lib/gcc-cross/aarch64-linux-gnu/:/usr/lib/gcc-cross/aarch64-linux-gnu/7/../../../../aarch64-linux-gnu/bin/]
  ignore line: [LIBRARY_PATH=/usr/lib/gcc-cross/aarch64-linux-gnu/7/:/usr/lib/gcc-cross/aarch64-linux-gnu/7/../../../../aarch64-linux-gnu/lib/../lib/:/lib/../lib/:/usr/lib/aarch64-linux-gnu/:/usr/lib/../lib/:/usr/lib/gcc-cross/aarch64-linux-gnu/7/../../../../aarch64-linux-gnu/lib/:/lib/:/usr/lib/]
  ignore line: [COLLECT_GCC_OPTIONS='-v' '-rdynamic' '-o' 'cmTC_5c26c' '-shared-libgcc' '-mlittle-endian' '-mabi=lp64']
  link line: [ /usr/lib/gcc-cross/aarch64-linux-gnu/7/collect2 -plugin /usr/lib/gcc-cross/aarch64-linux-gnu/7/liblto_plugin.so -plugin-opt=/usr/lib/gcc-cross/aarch64-linux-gnu/7/lto-wrapper -plugin-opt=-fresolution=/tmp/cc0AVcDv.res -plugin-opt=-pass-through=-lgcc_s -plugin-opt=-pass-through=-lgcc -plugin-opt=-pass-through=-lc -plugin-opt=-pass-through=-lgcc_s -plugin-opt=-pass-through=-lgcc --sysroot=/ --build-id --eh-frame-hdr --hash-style=gnu --as-needed -export-dynamic -dynamic-linker /lib/ld-linux-aarch64.so.1 -X -EL -maarch64linux --fix-cortex-a53-843419 -pie -z now -z relro -o cmTC_5c26c /usr/lib/gcc-cross/aarch64-linux-gnu/7/../../../../aarch64-linux-gnu/lib/../lib/Scrt1.o /usr/lib/gcc-cross/aarch64-linux-gnu/7/../../../../aarch64-linux-gnu/lib/../lib/crti.o /usr/lib/gcc-cross/aarch64-linux-gnu/7/crtbeginS.o -L/usr/lib/gcc-cross/aarch64-linux-gnu/7 -L/usr/lib/gcc-cross/aarch64-linux-gnu/7/../../../../aarch64-linux-gnu/lib/../lib -L/lib/../lib -L/usr/lib/aarch64-linux-gnu -L/usr/lib/../lib -L/usr/lib/gcc-cross/aarch64-linux-gnu/7/../../../../aarch64-linux-gnu/lib CMakeFiles/cmTC_5c26c.dir/CMakeCXXCompilerABI.cpp.o -lstdc++ -lm -lgcc_s -lgcc -lc -lgcc_s -lgcc /usr/lib/gcc-cross/aarch64-linux-gnu/7/crtendS.o /usr/lib/gcc-cross/aarch64-linux-gnu/7/../../../../aarch64-linux-gnu/lib/../lib/crtn.o]
    arg [/usr/lib/gcc-cross/aarch64-linux-gnu/7/collect2] ==> ignore
    arg [-plugin] ==> ignore
    arg [/usr/lib/gcc-cross/aarch64-linux-gnu/7/liblto_plugin.so] ==> ignore
    arg [-plugin-opt=/usr/lib/gcc-cross/aarch64-linux-gnu/7/lto-wrapper] ==> ignore
    arg [-plugin-opt=-fresolution=/tmp/cc0AVcDv.res] ==> ignore
    arg [-plugin-opt=-pass-through=-lgcc_s] ==> ignore
    arg [-plugin-opt=-pass-through=-lgcc] ==> ignore
    arg [-plugin-opt=-pass-through=-lc] ==> ignore
    arg [-plugin-opt=-pass-through=-lgcc_s] ==> ignore
    arg [-plugin-opt=-pass-through=-lgcc] ==> ignore
    arg [--sysroot=/] ==> ignore
    arg [--build-id] ==> ignore
    arg [--eh-frame-hdr] ==> ignore
    arg [--hash-style=gnu] ==> ignore
    arg [--as-needed] ==> ignore
    arg [-export-dynamic] ==> ignore
    arg [-dynamic-linker] ==> ignore
    arg [/lib/ld-linux-aarch64.so.1] ==> ignore
    arg [-X] ==> ignore
    arg [-EL] ==> ignore
    arg [-maarch64linux] ==> ignore
    arg [--fix-cortex-a53-843419] ==> ignore
    arg [-pie] ==> ignore
    arg [-znow] ==> ignore
    arg [-zrelro] ==> ignore
    arg [-o] ==> ignore
    arg [cmTC_5c26c] ==> ignore
    arg [/usr/lib/gcc-cross/aarch64-linux-gnu/7/../../../../aarch64-linux-gnu/lib/../lib/Scrt1.o] ==> ignore
    arg [/usr/lib/gcc-cross/aarch64-linux-gnu/7/../../../../aarch64-linux-gnu/lib/../lib/crti.o] ==> ignore
    arg [/usr/lib/gcc-cross/aarch64-linux-gnu/7/crtbeginS.o] ==> ignore
    arg [-L/usr/lib/gcc-cross/aarch64-linux-gnu/7] ==> dir [/usr/lib/gcc-cross/aarch64-linux-gnu/7]
    arg [-L/usr/lib/gcc-cross/aarch64-linux-gnu/7/../../../../aarch64-linux-gnu/lib/../lib] ==> dir [/usr/lib/gcc-cross/aarch64-linux-gnu/7/../../../../aarch64-linux-gnu/lib/../lib]
    arg [-L/lib/../lib] ==> dir [/lib/../lib]
    arg [-L/usr/lib/aarch64-linux-gnu] ==> dir [/usr/lib/aarch64-linux-gnu]
    arg [-L/usr/lib/../lib] ==> dir [/usr/lib/../lib]
    arg [-L/usr/lib/gcc-cross/aarch64-linux-gnu/7/../../../../aarch64-linux-gnu/lib] ==> dir [/usr/lib/gcc-cross/aarch64-linux-gnu/7/../../../../aarch64-linux-gnu/lib]
    arg [CMakeFiles/cmTC_5c26c.dir/CMakeCXXCompilerABI.cpp.o] ==> ignore
    arg [-lstdc++] ==> lib [stdc++]
    arg [-lm] ==> lib [m]
    arg [-lgcc_s] ==> lib [gcc_s]
    arg [-lgcc] ==> lib [gcc]
    arg [-lc] ==> lib [c]
    arg [-lgcc_s] ==> lib [gcc_s]
    arg [-lgcc] ==> lib [gcc]
    arg [/usr/lib/gcc-cross/aarch64-linux-gnu/7/crtendS.o] ==> ignore
    arg [/usr/lib/gcc-cross/aarch64-linux-gnu/7/../../../../aarch64-linux-gnu/lib/../lib/crtn.o] ==> ignore
  collapse library dir [/usr/lib/gcc-cross/aarch64-linux-gnu/7] ==> [/usr/lib/gcc-cross/aarch64-linux-gnu/7]
  collapse library dir [/usr/lib/gcc-cross/aarch64-linux-gnu/7/../../../../aarch64-linux-gnu/lib/../lib] ==> [/usr/aarch64-linux-gnu/lib]
  collapse library dir [/lib/../lib] ==> [/lib]
  collapse library dir [/usr/lib/aarch64-linux-gnu] ==> [/usr/lib/aarch64-linux-gnu]
  collapse library dir [/usr/lib/../lib] ==> [/usr/lib]
  collapse library dir [/usr/lib/gcc-cross/aarch64-linux-gnu/7/../../../../aarch64-linux-gnu/lib] ==> [/usr/aarch64-linux-gnu/lib]
  implicit libs: [stdc++;m;gcc_s;gcc;c;gcc_s;gcc]
  implicit dirs: [/usr/lib/gcc-cross/aarch64-linux-gnu/7;/usr/aarch64-linux-gnu/lib;/lib;/usr/lib/aarch64-linux-gnu;/usr/lib]
  implicit fwks: []




Detecting CXX [-std=c++1z] compiler features compiled with the following output:
Change Dir: /home/stereo-2022/stereo-2022/StereoVision/StereoVision2/StereoVision/stereo_pics_2/build/CMakeFiles/CMakeTmp

Run Build Command:"/usr/bin/make" "cmTC_b5af4/fast"
/usr/bin/make -f CMakeFiles/cmTC_b5af4.dir/build.make CMakeFiles/cmTC_b5af4.dir/build
make[1] : on entre dans le répertoire « /home/stereo-2022/stereo-2022/StereoVision/StereoVision2/StereoVision/stereo_pics_2/build/CMakeFiles/CMakeTmp »
Building CXX object CMakeFiles/cmTC_b5af4.dir/feature_tests.cxx.o
/usr/bin/aarch64-linux-gnu-g++-7    -std=c++1z -o CMakeFiles/cmTC_b5af4.dir/feature_tests.cxx.o -c /home/stereo-2022/stereo-2022/StereoVision/StereoVision2/StereoVision/stereo_pics_2/build/CMakeFiles/feature_tests.cxx
Linking CXX executable cmTC_b5af4
/usr/bin/cmake -E cmake_link_script CMakeFiles/cmTC_b5af4.dir/link.txt --verbose=1
/usr/bin/aarch64-linux-gnu-g++-7       -rdynamic CMakeFiles/cmTC_b5af4.dir/feature_tests.cxx.o  -o cmTC_b5af4 
make[1] : on quitte le répertoire « /home/stereo-2022/stereo-2022/StereoVision/StereoVision2/StereoVision/stereo_pics_2/build/CMakeFiles/CMakeTmp »


    Feature record: CXX_FEATURE:1cxx_aggregate_default_initializers
    Feature record: CXX_FEATURE:1cxx_alias_templates
    Feature record: CXX_FEATURE:1cxx_alignas
    Feature record: CXX_FEATURE:1cxx_alignof
    Feature record: CXX_FEATURE:1cxx_attributes
    Feature record: CXX_FEATURE:1cxx_attribute_deprecated
    Feature record: CXX_FEATURE:1cxx_auto_type
    Feature record: CXX_FEATURE:1cxx_binary_literals
    Feature record: CXX_FEATURE:1cxx_constexpr
    Feature record: CXX_FEATURE:1cxx_contextual_conversions
    Feature record: CXX_FEATURE:1cxx_decltype
    Feature record: CXX_FEATURE:1cxx_decltype_auto
    Feature record: CXX_FEATURE:1cxx_decltype_incomplete_return_types
    Feature record: CXX_FEATURE:1cxx_default_function_template_args
    Feature record: CXX_FEATURE:1cxx_defaulted_functions
    Feature record: CXX_FEATURE:1cxx_defaulted_move_initializers
    Feature record: CXX_FEATURE:1cxx_delegating_constructors
    Feature record: CXX_FEATURE:1cxx_deleted_functions
    Feature record: CXX_FEATURE:1cxx_digit_separators
    Feature record: CXX_FEATURE:1cxx_enum_forward_declarations
    Feature record: CXX_FEATURE:1cxx_explicit_conversions
    Feature record: CXX_FEATURE:1cxx_extended_friend_declarations
    Feature record: CXX_FEATURE:1cxx_extern_templates
    Feature record: CXX_FEATURE:1cxx_final
    Feature record: CXX_FEATURE:1cxx_func_identifier
    Feature record: CXX_FEATURE:1cxx_generalized_initializers
    Feature record: CXX_FEATURE:1cxx_generic_lambdas
    Feature record: CXX_FEATURE:1cxx_inheriting_constructors
    Feature record: CXX_FEATURE:1cxx_inline_namespaces
    Feature record: CXX_FEATURE:1cxx_lambdas
    Feature record: CXX_FEATURE:1cxx_lambda_init_captures
    Feature record: CXX_FEATURE:1cxx_local_type_template_args
    Feature record: CXX_FEATURE:1cxx_long_long_type
    Feature record: CXX_FEATURE:1cxx_noexcept
    Feature record: CXX_FEATURE:1cxx_nonstatic_member_init
    Feature record: CXX_FEATURE:1cxx_nullptr
    Feature record: CXX_FEATURE:1cxx_override
    Feature record: CXX_FEATURE:1cxx_range_for
    Feature record: CXX_FEATURE:1cxx_raw_string_literals
    Feature record: CXX_FEATURE:1cxx_reference_qualified_functions
    Feature record: CXX_FEATURE:1cxx_relaxed_constexpr
    Feature record: CXX_FEATURE:1cxx_return_type_deduction
    Feature record: CXX_FEATURE:1cxx_right_angle_brackets
    Feature record: CXX_FEATURE:1cxx_rvalue_references
    Feature record: CXX_FEATURE:1cxx_sizeof_member
    Feature record: CXX_FEATURE:1cxx_static_assert
    Feature record: CXX_FEATURE:1cxx_strong_enums
    Feature record: CXX_FEATURE:1cxx_template_template_parameters
    Feature record: CXX_FEATURE:1cxx_thread_local
    Feature record: CXX_FEATURE:1cxx_trailing_return_types
    Feature record: CXX_FEATURE:1cxx_unicode_literals
    Feature record: CXX_FEATURE:1cxx_uniform_initialization
    Feature record: CXX_FEATURE:1cxx_unrestricted_unions
    Feature record: CXX_FEATURE:1cxx_user_literals
    Feature record: CXX_FEATURE:1cxx_variable_templates
    Feature record: CXX_FEATURE:1cxx_variadic_macros
    Feature record: CXX_FEATURE:1cxx_variadic_templates


Detecting CXX [-std=c++14] compiler features compiled with the following output:
Change Dir: /home/stereo-2022/stereo-2022/StereoVision/StereoVision2/StereoVision/stereo_pics_2/build/CMakeFiles/CMakeTmp

Run Build Command:"/usr/bin/make" "cmTC_05046/fast"
/usr/bin/make -f CMakeFiles/cmTC_05046.dir/build.make CMakeFiles/cmTC_05046.dir/build
make[1] : on entre dans le répertoire « /home/stereo-2022/stereo-2022/StereoVision/StereoVision2/StereoVision/stereo_pics_2/build/CMakeFiles/CMakeTmp »
Building CXX object CMakeFiles/cmTC_05046.dir/feature_tests.cxx.o
/usr/bin/aarch64-linux-gnu-g++-7    -std=c++14 -o CMakeFiles/cmTC_05046.dir/feature_tests.cxx.o -c /home/stereo-2022/stereo-2022/StereoVision/StereoVision2/StereoVision/stereo_pics_2/build/CMakeFiles/feature_tests.cxx
Linking CXX executable cmTC_05046
/usr/bin/cmake -E cmake_link_script CMakeFiles/cmTC_05046.dir/link.txt --verbose=1
/usr/bin/aarch64-linux-gnu-g++-7       -rdynamic CMakeFiles/cmTC_05046.dir/feature_tests.cxx.o  -o cmTC_05046 
make[1] : on quitte le répertoire « /home/stereo-2022/stereo-2022/StereoVision/StereoVision2/StereoVision/stereo_pics_2/build/CMakeFiles/CMakeTmp »


    Feature record: CXX_FEATURE:1cxx_aggregate_default_initializers
    Feature record: CXX_FEATURE:1cxx_alias_templates
    Feature record: CXX_FEATURE:1cxx_alignas
    Feature record: CXX_FEATURE:1cxx_alignof
    Feature record: CXX_FEATURE:1cxx_attributes
    Feature record: CXX_FEATURE:1cxx_attribute_deprecated
    Feature record: CXX_FEATURE:1cxx_auto_type
    Feature record: CXX_FEATURE:1cxx_binary_literals
    Feature record: CXX_FEATURE:1cxx_constexpr
    Feature record: CXX_FEATURE:1cxx_contextual_conversions
    Feature record: CXX_FEATURE:1cxx_decltype
    Feature record: CXX_FEATURE:1cxx_decltype_auto
    Feature record: CXX_FEATURE:1cxx_decltype_incomplete_return_types
    Feature record: CXX_FEATURE:1cxx_default_function_template_args
    Feature record: CXX_FEATURE:1cxx_defaulted_functions
    Feature record: CXX_FEATURE:1cxx_defaulted_move_initializers
    Feature record: CXX_FEATURE:1cxx_delegating_constructors
    Feature record: CXX_FEATURE:1cxx_deleted_functions
    Feature record: CXX_FEATURE:1cxx_digit_separators
    Feature record: CXX_FEATURE:1cxx_enum_forward_declarations
    Feature record: CXX_FEATURE:1cxx_explicit_conversions
    Feature record: CXX_FEATURE:1cxx_extended_friend_declarations
    Feature record: CXX_FEATURE:1cxx_extern_templates
    Feature record: CXX_FEATURE:1cxx_final
    Feature record: CXX_FEATURE:1cxx_func_identifier
    Feature record: CXX_FEATURE:1cxx_generalized_initializers
    Feature record: CXX_FEATURE:1cxx_generic_lambdas
    Feature record: CXX_FEATURE:1cxx_inheriting_constructors
    Feature record: CXX_FEATURE:1cxx_inline_namespaces
    Feature record: CXX_FEATURE:1cxx_lambdas
    Feature record: CXX_FEATURE:1cxx_lambda_init_captures
    Feature record: CXX_FEATURE:1cxx_local_type_template_args
    Feature record: CXX_FEATURE:1cxx_long_long_type
    Feature record: CXX_FEATURE:1cxx_noexcept
    Feature record: CXX_FEATURE:1cxx_nonstatic_member_init
    Feature record: CXX_FEATURE:1cxx_nullptr
    Feature record: CXX_FEATURE:1cxx_override
    Feature record: CXX_FEATURE:1cxx_range_for
    Feature record: CXX_FEATURE:1cxx_raw_string_literals
    Feature record: CXX_FEATURE:1cxx_reference_qualified_functions
    Feature record: CXX_FEATURE:1cxx_relaxed_constexpr
    Feature record: CXX_FEATURE:1cxx_return_type_deduction
    Feature record: CXX_FEATURE:1cxx_right_angle_brackets
    Feature record: CXX_FEATURE:1cxx_rvalue_references
    Feature record: CXX_FEATURE:1cxx_sizeof_member
    Feature record: CXX_FEATURE:1cxx_static_assert
    Feature record: CXX_FEATURE:1cxx_strong_enums
    Feature record: CXX_FEATURE:1cxx_template_template_parameters
    Feature record: CXX_FEATURE:1cxx_thread_local
    Feature record: CXX_FEATURE:1cxx_trailing_return_types
    Feature record: CXX_FEATURE:1cxx_unicode_literals
    Feature record: CXX_FEATURE:1cxx_uniform_initialization
    Feature record: CXX_FEATURE:1cxx_unrestricted_unions
    Feature record: CXX_FEATURE:1cxx_user_literals
    Feature record: CXX_FEATURE:1cxx_variable_templates
    Feature record: CXX_FEATURE:1cxx_variadic_macros
    Feature record: CXX_FEATURE:1cxx_variadic_templates


Detecting CXX [-std=c++11] compiler features compiled with the following output:
Change Dir: /home/stereo-2022/stereo-2022/StereoVision/StereoVision2/StereoVision/stereo_pics_2/build/CMakeFiles/CMakeTmp

Run Build Command:"/usr/bin/make" "cmTC_38d7a/fast"
/usr/bin/make -f CMakeFiles/cmTC_38d7a.dir/build.make CMakeFiles/cmTC_38d7a.dir/build
make[1] : on entre dans le répertoire « /home/stereo-2022/stereo-2022/StereoVision/StereoVision2/StereoVision/stereo_pics_2/build/CMakeFiles/CMakeTmp »
Building CXX object CMakeFiles/cmTC_38d7a.dir/feature_tests.cxx.o
/usr/bin/aarch64-linux-gnu-g++-7    -std=c++11 -o CMakeFiles/cmTC_38d7a.dir/feature_tests.cxx.o -c /home/stereo-2022/stereo-2022/StereoVision/StereoVision2/StereoVision/stereo_pics_2/build/CMakeFiles/feature_tests.cxx
Linking CXX executable cmTC_38d7a
/usr/bin/cmake -E cmake_link_script CMakeFiles/cmTC_38d7a.dir/link.txt --verbose=1
/usr/bin/aarch64-linux-gnu-g++-7       -rdynamic CMakeFiles/cmTC_38d7a.dir/feature_tests.cxx.o  -o cmTC_38d7a 
make[1] : on quitte le répertoire « /home/stereo-2022/stereo-2022/StereoVision/StereoVision2/StereoVision/stereo_pics_2/build/CMakeFiles/CMakeTmp »


    Feature record: CXX_FEATURE:0cxx_aggregate_default_initializers
    Feature record: CXX_FEATURE:1cxx_alias_templates
    Feature record: CXX_FEATURE:1cxx_alignas
    Feature record: CXX_FEATURE:1cxx_alignof
    Feature record: CXX_FEATURE:1cxx_attributes
    Feature record: CXX_FEATURE:0cxx_attribute_deprecated
    Feature record: CXX_FEATURE:1cxx_auto_type
    Feature record: CXX_FEATURE:0cxx_binary_literals
    Feature record: CXX_FEATURE:1cxx_constexpr
    Feature record: CXX_FEATURE:0cxx_contextual_conversions
    Feature record: CXX_FEATURE:1cxx_decltype
    Feature record: CXX_FEATURE:0cxx_decltype_auto
    Feature record: CXX_FEATURE:1cxx_decltype_incomplete_return_types
    Feature record: CXX_FEATURE:1cxx_default_function_template_args
    Feature record: CXX_FEATURE:1cxx_defaulted_functions
    Feature record: CXX_FEATURE:1cxx_defaulted_move_initializers
    Feature record: CXX_FEATURE:1cxx_delegating_constructors
    Feature record: CXX_FEATURE:1cxx_deleted_functions
    Feature record: CXX_FEATURE:0cxx_digit_separators
    Feature record: CXX_FEATURE:1cxx_enum_forward_declarations
    Feature record: CXX_FEATURE:1cxx_explicit_conversions
    Feature record: CXX_FEATURE:1cxx_extended_friend_declarations
    Feature record: CXX_FEATURE:1cxx_extern_templates
    Feature record: CXX_FEATURE:1cxx_final
    Feature record: CXX_FEATURE:1cxx_func_identifier
    Feature record: CXX_FEATURE:1cxx_generalized_initializers
    Feature record: CXX_FEATURE:0cxx_generic_lambdas
    Feature record: CXX_FEATURE:1cxx_inheriting_constructors
    Feature record: CXX_FEATURE:1cxx_inline_namespaces
    Feature record: CXX_FEATURE:1cxx_lambdas
    Feature record: CXX_FEATURE:0cxx_lambda_init_captures
    Feature record: CXX_FEATURE:1cxx_local_type_template_args
    Feature record: CXX_FEATURE:1cxx_long_long_type
    Feature record: CXX_FEATURE:1cxx_noexcept
    Feature record: CXX_FEATURE:1cxx_nonstatic_member_init
    Feature record: CXX_FEATURE:1cxx_nullptr
    Feature record: CXX_FEATURE:1cxx_override
    Feature record: CXX_FEATURE:1cxx_range_for
    Feature record: CXX_FEATURE:1cxx_raw_string_literals
    Feature record: CXX_FEATURE:1cxx_reference_qualified_functions
    Feature record: CXX_FEATURE:0cxx_relaxed_constexpr
    Feature record: CXX_FEATURE:0cxx_return_type_deduction
    Feature record: CXX_FEATURE:1cxx_right_angle_brackets
    Feature record: CXX_FEATURE:1cxx_rvalue_references
    Feature record: CXX_FEATURE:1cxx_sizeof_member
    Feature record: CXX_FEATURE:1cxx_static_assert
    Feature record: CXX_FEATURE:1cxx_strong_enums
    Feature record: CXX_FEATURE:1cxx_template_template_parameters
    Feature record: CXX_FEATURE:1cxx_thread_local
    Feature record: CXX_FEATURE:1cxx_trailing_return_types
    Feature record: CXX_FEATURE:1cxx_unicode_literals
    Feature record: CXX_FEATURE:1cxx_uniform_initialization
    Feature record: CXX_FEATURE:1cxx_unrestricted_unions
    Feature record: CXX_FEATURE:1cxx_user_literals
    Feature record: CXX_FEATURE:0cxx_variable_templates
    Feature record: CXX_FEATURE:1cxx_variadic_macros
    Feature record: CXX_FEATURE:1cxx_variadic_templates


Detecting CXX [-std=c++98] compiler features compiled with the following output:
Change Dir: /home/stereo-2022/stereo-2022/StereoVision/StereoVision2/StereoVision/stereo_pics_2/build/CMakeFiles/CMakeTmp

Run Build Command:"/usr/bin/make" "cmTC_6d980/fast"
/usr/bin/make -f CMakeFiles/cmTC_6d980.dir/build.make CMakeFiles/cmTC_6d980.dir/build
make[1] : on entre dans le répertoire « /home/stereo-2022/stereo-2022/StereoVision/StereoVision2/StereoVision/stereo_pics_2/build/CMakeFiles/CMakeTmp »
Building CXX object CMakeFiles/cmTC_6d980.dir/feature_tests.cxx.o
/usr/bin/aarch64-linux-gnu-g++-7    -std=c++98 -o CMakeFiles/cmTC_6d980.dir/feature_tests.cxx.o -c /home/stereo-2022/stereo-2022/StereoVision/StereoVision2/StereoVision/stereo_pics_2/build/CMakeFiles/feature_tests.cxx
Linking CXX executable cmTC_6d980
/usr/bin/cmake -E cmake_link_script CMakeFiles/cmTC_6d980.dir/link.txt --verbose=1
/usr/bin/aarch64-linux-gnu-g++-7       -rdynamic CMakeFiles/cmTC_6d980.dir/feature_tests.cxx.o  -o cmTC_6d980 
make[1] : on quitte le répertoire « /home/stereo-2022/stereo-2022/StereoVision/StereoVision2/StereoVision/stereo_pics_2/build/CMakeFiles/CMakeTmp »


    Feature record: CXX_FEATURE:0cxx_aggregate_default_initializers
    Feature record: CXX_FEATURE:0cxx_alias_templates
    Feature record: CXX_FEATURE:0cxx_alignas
    Feature record: CXX_FEATURE:0cxx_alignof
    Feature record: CXX_FEATURE:0cxx_attributes
    Feature record: CXX_FEATURE:0cxx_attribute_deprecated
    Feature record: CXX_FEATURE:0cxx_auto_type
    Feature record: CXX_FEATURE:0cxx_binary_literals
    Feature record: CXX_FEATURE:0cxx_constexpr
    Feature record: CXX_FEATURE:0cxx_contextual_conversions
    Feature record: CXX_FEATURE:0cxx_decltype
    Feature record: CXX_FEATURE:0cxx_decltype_auto
    Feature record: CXX_FEATURE:0cxx_decltype_incomplete_return_types
    Feature record: CXX_FEATURE:0cxx_default_function_template_args
    Feature record: CXX_FEATURE:0cxx_defaulted_functions
    Feature record: CXX_FEATURE:0cxx_defaulted_move_initializers
    Feature record: CXX_FEATURE:0cxx_delegating_constructors
    Feature record: CXX_FEATURE:0cxx_deleted_functions
    Feature record: CXX_FEATURE:0cxx_digit_separators
    Feature record: CXX_FEATURE:0cxx_enum_forward_declarations
    Feature record: CXX_FEATURE:0cxx_explicit_conversions
    Feature record: CXX_FEATURE:0cxx_extended_friend_declarations
    Feature record: CXX_FEATURE:0cxx_extern_templates
    Feature record: CXX_FEATURE:0cxx_final
    Feature record: CXX_FEATURE:0cxx_func_identifier
    Feature record: CXX_FEATURE:0cxx_generalized_initializers
    Feature record: CXX_FEATURE:0cxx_generic_lambdas
    Feature record: CXX_FEATURE:0cxx_inheriting_constructors
    Feature record: CXX_FEATURE:0cxx_inline_namespaces
    Feature record: CXX_FEATURE:0cxx_lambdas
    Feature record: CXX_FEATURE:0cxx_lambda_init_captures
    Feature record: CXX_FEATURE:0cxx_local_type_template_args
    Feature record: CXX_FEATURE:0cxx_long_long_type
    Feature record: CXX_FEATURE:0cxx_noexcept
    Feature record: CXX_FEATURE:0cxx_nonstatic_member_init
    Feature record: CXX_FEATURE:0cxx_nullptr
    Feature record: CXX_FEATURE:0cxx_override
    Feature record: CXX_FEATURE:0cxx_range_for
    Feature record: CXX_FEATURE:0cxx_raw_string_literals
    Feature record: CXX_FEATURE:0cxx_reference_qualified_functions
    Feature record: CXX_FEATURE:0cxx_relaxed_constexpr
    Feature record: CXX_FEATURE:0cxx_return_type_deduction
    Feature record: CXX_FEATURE:0cxx_right_angle_brackets
    Feature record: CXX_FEATURE:0cxx_rvalue_references
    Feature record: CXX_FEATURE:0cxx_sizeof_member
    Feature record: CXX_FEATURE:0cxx_static_assert
    Feature record: CXX_FEATURE:0cxx_strong_enums
    Feature record: CXX_FEATURE:1cxx_template_template_parameters
    Feature record: CXX_FEATURE:0cxx_thread_local
    Feature record: CXX_FEATURE:0cxx_trailing_return_types
    Feature record: CXX_FEATURE:0cxx_unicode_literals
    Feature record: CXX_FEATURE:0cxx_uniform_initialization
    Feature record: CXX_FEATURE:0cxx_unrestricted_unions
    Feature record: CXX_FEATURE:0cxx_user_literals
    Feature record: CXX_FEATURE:0cxx_variable_templates
    Feature record: CXX_FEATURE:0cxx_variadic_macros
    Feature record: CXX_FEATURE:0cxx_variadic_templates
